#
# There is insufficient memory for the Java Runtime Environment to continue.
# Native memory allocation (mmap) failed to map 251658240 bytes. Error detail: G1 virtual space
# Possible reasons:
#   The system is out of physical RAM or swap space
#   This process is running with CompressedOops enabled, and the Java Heap may be blocking the growth of the native heap
# Possible solutions:
#   Reduce memory load on the system
#   Increase physical memory or swap space
#   Check if swap backing store is full
#   Decrease Java heap size (-Xmx/-Xms)
#   Decrease number of Java threads
#   Decrease Java thread stack sizes (-Xss)
#   Set larger code cache with -XX:ReservedCodeCacheSize=
#   JVM is running with Zero Based Compressed Oops mode in which the Java heap is
#     placed in the first 32GB address space. The Java Heap base address is the
#     maximum limit for the native heap growth. Please use -XX:HeapBaseMinAddress
#     to set the Java Heap base and to place the Java Heap above 32GB virtual address.
# This output file may be truncated or incomplete.
#
#  Out of Memory Error (os_windows.cpp:3828), pid=7172, tid=9372
#
# JRE version:  (21.0.5) (build )
# Java VM: OpenJDK 64-Bit Server VM (21.0.5+-12932927-b750.29, mixed mode, sharing, tiered, compressed oops, compressed class ptrs, g1 gc, windows-amd64)
# No core dump will be written. Minidumps are not enabled by default on client versions of Windows
#

---------------  S U M M A R Y ------------

Command Line: org.jetbrains.kotlin.cli.jvm.K2JVMCompiler @C:\Users\Jairi\Documents\itson\Verano2025\AppMoviles\Proyecto Final\ProyectoFinal_Equipo4\app\build\20250624_14732574259700811181.compiler.options

Host: AMD Ryzen 5 2500U with Radeon Vega Mobile Gfx  , 8 cores, 14G,  Windows 10 , 64 bit Build 19041 (10.0.19041.5915)
Time: Tue Jun 24 15:28:50 2025 Hora estándar Montañas, EE.UU. elapsed time: 0.036423 seconds (0d 0h 0m 0s)

---------------  T H R E A D  ---------------

Current thread (0x000002273c29f560):  JavaThread "Unknown thread" [_thread_in_vm, id=9372, stack(0x0000004ae1c00000,0x0000004ae1d00000) (1024K)]

Stack: [0x0000004ae1c00000,0x0000004ae1d00000]
Native frames: (J=compiled Java code, j=interpreted, Vv=VM code, C=native code)
V  [jvm.dll+0x6cfb29]
V  [jvm.dll+0x85ded3]
V  [jvm.dll+0x86042e]
V  [jvm.dll+0x860b13]
V  [jvm.dll+0x27e6b6]
V  [jvm.dll+0x6cc385]
V  [jvm.dll+0x6c078a]
V  [jvm.dll+0x35525b]
V  [jvm.dll+0x35ceb6]
V  [jvm.dll+0x3aedd6]
V  [jvm.dll+0x3af0a8]
V  [jvm.dll+0x32792c]
V  [jvm.dll+0x32861b]
V  [jvm.dll+0x825919]
V  [jvm.dll+0x3bbfa8]
V  [jvm.dll+0x80ec88]
V  [jvm.dll+0x45015e]
V  [jvm.dll+0x4518c1]
C  [jli.dll+0x52ab]
C  [ucrtbase.dll+0x21bb2]
C  [KERNEL32.DLL+0x17374]
C  [ntdll.dll+0x4cc91]


---------------  P R O C E S S  ---------------

Threads class SMR info:
_java_thread_list=0x00007ffc04960808, length=0, elements={
}

Java Threads: ( => current thread )
Total: 0

Other Threads:
  0x000002273e53d190 WorkerThread "GC Thread#0"                     [id=10160, stack(0x0000004ae1d00000,0x0000004ae1e00000) (1024K)]
  0x000002273e54d1e0 ConcurrentGCThread "G1 Main Marker"            [id=12456, stack(0x0000004ae1e00000,0x0000004ae1f00000) (1024K)]
  0x000002273e54e4f0 WorkerThread "G1 Conc#0"                       [id=16460, stack(0x0000004ae1f00000,0x0000004ae2000000) (1024K)]

[error occurred during error reporting (printing all threads), id 0xc0000005, EXCEPTION_ACCESS_VIOLATION (0xc0000005) at pc=0x00007ffc0415a967]
VM state: not at safepoint (not fully initialized)

VM Mutex/Monitor currently owned by a thread:  ([mutex/lock_event])
[0x00007ffc049cd460] Heap_lock - owner thread: 0x000002273c29f560

Heap address: 0x0000000711000000, size: 3824 MB, Compressed Oops mode: Zero based, Oop shift amount: 3

CDS archive(s) mapped at: [0x0000000000000000-0x0000000000000000-0x0000000000000000), size 0, SharedBaseAddress: 0x0000000800000000, ArchiveRelocationMode: 1.
Narrow klass base: 0x0000000000000000, Narrow klass shift: 0, Narrow klass range: 0x0

GC Precious Log:
 CardTable entry size: 512
 Card Set container configuration: InlinePtr #cards 4 size 8 Array Of Cards #cards 16 size 48 Howl #buckets 8 coarsen threshold 3686 Howl Bitmap #cards 512 size 80 coarsen threshold 460 Card regions per heap region 1 cards per card region 4096

Heap:
 garbage-first heap   total 0K, used 0K [0x0000000711000000, 0x0000000800000000)
  region size 2048K, 0 young (0K), 0 survivors (0K)
 Metaspace       used 0K, committed 0K, reserved 0K
  class space    used 0K, committed 0K, reserved 0K

Heap Regions: E=young(eden), S=young(survivor), O=old, HS=humongous(starts), HC=humongous(continues), CS=collection set, F=free, TAMS=top-at-mark-start, PB=parsable bottom

Card table byte_map: [0x00000227510f0000,0x0000022751870000] _byte_map_base: 0x000002274d868000

Marking Bits: (CMBitMap*) 0x000002273e53d890
 Bits: [0x0000022751870000, 0x0000022755430000)

GC Heap History (0 events):
No events

Dll operation events (1 events):
Event: 0.023 Loaded shared library C:\Program Files\Android\Android Studio\jbr\bin\java.dll

Deoptimization events (0 events):
No events

Classes loaded (0 events):
No events

Classes unloaded (0 events):
No events

Classes redefined (0 events):
No events

Internal exceptions (0 events):
No events

ZGC Phase Switch (0 events):
No events

VM Operations (0 events):
No events

Memory protections (0 events):
No events

Nmethod flushes (0 events):
No events

Events (0 events):
No events


Dynamic libraries:
0x00007ff65bee0000 - 0x00007ff65beea000 	C:\Program Files\Android\Android Studio\jbr\bin\java.exe
0x00007ffc55c30000 - 0x00007ffc55e28000 	C:\Windows\SYSTEM32\ntdll.dll
0x00007ffc53cf0000 - 0x00007ffc53db2000 	C:\Windows\System32\KERNEL32.DLL
0x00007ffc53490000 - 0x00007ffc53786000 	C:\Windows\System32\KERNELBASE.dll
0x00007ffc537e0000 - 0x00007ffc538e0000 	C:\Windows\System32\ucrtbase.dll
0x00007ffc48580000 - 0x00007ffc48598000 	C:\Program Files\Android\Android Studio\jbr\bin\jli.dll
0x00007ffc54470000 - 0x00007ffc5460d000 	C:\Windows\System32\USER32.dll
0x00007ffc53c20000 - 0x00007ffc53c42000 	C:\Windows\System32\win32u.dll
0x00007ffc4d280000 - 0x00007ffc4d29b000 	C:\Program Files\Android\Android Studio\jbr\bin\VCRUNTIME140.dll
0x00007ffc413f0000 - 0x00007ffc4168a000 	C:\Windows\WinSxS\amd64_microsoft.windows.common-controls_6595b64144ccf1df_6.0.19041.5915_none_60b4b9d171f9c7c7\COMCTL32.dll
0x00007ffc55850000 - 0x00007ffc558ee000 	C:\Windows\System32\msvcrt.dll
0x00007ffc55960000 - 0x00007ffc5598b000 	C:\Windows\System32\GDI32.dll
0x00007ffc53b00000 - 0x00007ffc53c19000 	C:\Windows\System32\gdi32full.dll
0x00007ffc53370000 - 0x00007ffc5340d000 	C:\Windows\System32\msvcp_win.dll
0x00007ffc54b70000 - 0x00007ffc54b9f000 	C:\Windows\System32\IMM32.DLL
0x00007ffc4d5d0000 - 0x00007ffc4d5dc000 	C:\Program Files\Android\Android Studio\jbr\bin\vcruntime140_1.dll
0x00007ffc1f3d0000 - 0x00007ffc1f45d000 	C:\Program Files\Android\Android Studio\jbr\bin\msvcp140.dll
0x00007ffc03e20000 - 0x00007ffc04aaa000 	C:\Program Files\Android\Android Studio\jbr\bin\server\jvm.dll
0x00007ffc559a0000 - 0x00007ffc55a51000 	C:\Windows\System32\ADVAPI32.dll
0x00007ffc53c50000 - 0x00007ffc53cef000 	C:\Windows\System32\sechost.dll
0x00007ffc53ea0000 - 0x00007ffc53fc3000 	C:\Windows\System32\RPCRT4.dll
0x00007ffc53970000 - 0x00007ffc53997000 	C:\Windows\System32\bcrypt.dll
0x00007ffc558f0000 - 0x00007ffc5595b000 	C:\Windows\System32\WS2_32.dll
0x00007ffc48ef0000 - 0x00007ffc48f17000 	C:\Windows\SYSTEM32\WINMM.dll
0x00007ffc53120000 - 0x00007ffc5316b000 	C:\Windows\SYSTEM32\POWRPROF.dll
0x00007ffc4b380000 - 0x00007ffc4b38a000 	C:\Windows\SYSTEM32\VERSION.dll
0x00007ffc53100000 - 0x00007ffc53112000 	C:\Windows\SYSTEM32\UMPDC.dll
0x00007ffc51140000 - 0x00007ffc51152000 	C:\Windows\SYSTEM32\kernel.appcore.dll
0x00007ffc4d550000 - 0x00007ffc4d55a000 	C:\Program Files\Android\Android Studio\jbr\bin\jimage.dll
0x00007ffc491f0000 - 0x00007ffc493f1000 	C:\Windows\SYSTEM32\DBGHELP.DLL
0x00007ffc41760000 - 0x00007ffc41794000 	C:\Windows\SYSTEM32\dbgcore.DLL
0x00007ffc538e0000 - 0x00007ffc53962000 	C:\Windows\System32\bcryptPrimitives.dll
0x00007ffc4d240000 - 0x00007ffc4d260000 	C:\Program Files\Android\Android Studio\jbr\bin\java.dll

dbghelp: loaded successfully - version: 4.0.5 - missing functions: none
symbol engine: initialized successfully - sym options: 0x614 - pdb path: .;C:\Program Files\Android\Android Studio\jbr\bin;C:\Windows\SYSTEM32;C:\Windows\WinSxS\amd64_microsoft.windows.common-controls_6595b64144ccf1df_6.0.19041.5915_none_60b4b9d171f9c7c7;C:\Program Files\Android\Android Studio\jbr\bin\server

VM Arguments:
java_command: org.jetbrains.kotlin.cli.jvm.K2JVMCompiler @C:\Users\Jairi\Documents\itson\Verano2025\AppMoviles\Proyecto Final\ProyectoFinal_Equipo4\app\build\20250624_14732574259700811181.compiler.options
java_class_path (initial): C:\Users\Jairi\.gradle\caches\modules-2\files-2.1\org.jetbrains.kotlin\kotlin-compiler-embeddable\2.0.21\79346ed53db48b18312a472602eb5c057070c54d\kotlin-compiler-embeddable-2.0.21.jar;C:\Users\Jairi\.gradle\caches\modules-2\files-2.1\org.jetbrains.kotlin\kotlin-stdlib\2.0.21\618b539767b4899b4660a83006e052b63f1db551\kotlin-stdlib-2.0.21.jar;C:\Users\Jairi\.gradle\caches\modules-2\files-2.1\org.jetbrains.kotlin\kotlin-script-runtime\2.0.21\c9b044380ad41f89aa89aa896c2d32a8c0b2129d\kotlin-script-runtime-2.0.21.jar;C:\Users\Jairi\.gradle\caches\modules-2\files-2.1\org.jetbrains.kotlin\kotlin-reflect\1.6.10\1cbe9c92c12a94eea200d23c2bbaedaf3daf5132\kotlin-reflect-1.6.10.jar;C:\Users\Jairi\.gradle\caches\modules-2\files-2.1\org.jetbrains.kotlin\kotlin-daemon-embeddable\2.0.21\c9e933b23287de9b5a17e2116b4657bb91aea72c\kotlin-daemon-embeddable-2.0.21.jar;C:\Users\Jairi\.gradle\caches\modules-2\files-2.1\org.jetbrains.intellij.deps\trove4j\1.0.20200330\3afb14d5f9ceb459d724e907a21145e8ff394f02\trove4j-1.0.20200330.jar;C:\Users\Jairi\.gradle\caches\modules-2\files-2.1\org.jetbrains.kotlinx\kotlinx-coroutines-core-jvm\1.6.4\2c997cd1c0ef33f3e751d3831929aeff1390cb30\kotlinx-coroutines-core-jvm-1.6.4.jar;C:\Users\Jairi\.gradle\caches\modules-2\files-2.1\org.jetbrains\annotations\13.0\919f0dfe192fb4e063e7dacadee7f8bb9a2672a9\annotations-13.0.jar
Launcher Type: SUN_STANDARD

[Global flags]
     intx CICompilerCount                          = 4                                         {product} {ergonomic}
     uint ConcGCThreads                            = 2                                         {product} {ergonomic}
     uint G1ConcRefinementThreads                  = 8                                         {product} {ergonomic}
   size_t G1HeapRegionSize                         = 2097152                                   {product} {ergonomic}
    uintx GCDrainStackTargetSize                   = 64                                        {product} {ergonomic}
   size_t InitialHeapSize                          = 251658240                                 {product} {ergonomic}
   size_t MarkStackSize                            = 4194304                                   {product} {ergonomic}
   size_t MaxHeapSize                              = 4009754624                                {product} {ergonomic}
   size_t MinHeapDeltaBytes                        = 2097152                                   {product} {ergonomic}
   size_t MinHeapSize                              = 8388608                                   {product} {ergonomic}
    uintx NonNMethodCodeHeapSize                   = 5839372                                {pd product} {ergonomic}
    uintx NonProfiledCodeHeapSize                  = 122909434                              {pd product} {ergonomic}
    uintx ProfiledCodeHeapSize                     = 122909434                              {pd product} {ergonomic}
    uintx ReservedCodeCacheSize                    = 251658240                              {pd product} {ergonomic}
     bool SegmentedCodeCache                       = true                                      {product} {ergonomic}
   size_t SoftMaxHeapSize                          = 4009754624                             {manageable} {ergonomic}
     bool UseCompressedOops                        = true                           {product lp64_product} {ergonomic}
     bool UseG1GC                                  = true                                      {product} {ergonomic}
     bool UseLargePagesIndividualAllocation        = false                                  {pd product} {ergonomic}

Logging:
Log output configuration:
 #0: stdout all=warning uptime,level,tags foldmultilines=false
 #1: stderr all=off uptime,level,tags foldmultilines=false

Environment Variables:
JAVA_HOME=C:\Users\Jairi\Documents\jdk\jdk-21.0.6
PATH=C:\Program Files\Common Files\Oracle\Java\javapath;C:\Windows\system32;C:\Windows;C:\Windows\System32\Wbem;C:\Windows\System32\WindowsPowerShell\v1.0\;C:\Windows\System32\OpenSSH\;C:\Program Files\Git\cmd;C:\Users\Jairi\Documents\jdk\jdk-21.0.6\bin;C:\Users\Jairi\AppData\Local\Programs\Python\Python313\Scripts\;C:\Users\Jairi\AppData\Local\Programs\Python\Python313\;C:\Users\Jairi\AppData\Local\Microsoft\WindowsApps;C:\Users\Jairi\AppData\Local\Programs\Microsoft VS Code\bin;C:\Users\Jairi\AppData\Local\GitHubDesktop\bin;C:\Users\Jairi\AppData\Local\JetBrains\Toolbox\scripts;;C:\Program Files\JetBrains\IntelliJ IDEA Community Edition 2024.3.3\bin;;C:\Program Files\JetBrains\PyCharm 2024.3.4\bin;;C:\Program Files\JetBrains\IntelliJ IDEA 2024.3.4.1\bin;
USERNAME=Jairi
OS=Windows_NT
PROCESSOR_IDENTIFIER=AMD64 Family 23 Model 17 Stepping 0, AuthenticAMD
TMP=C:\Users\Jairi\AppData\Local\Temp
TEMP=C:\Users\Jairi\AppData\Local\Temp




Periodic native trim disabled

JNI global refs:
JNI global refs: 0, weak refs: 0

JNI global refs memory usage: 0, weak refs: 0

Process memory usage:
Resident Set Size: 10824K (0% of 15661768K total physical memory with 1415468K free physical memory)

OOME stack traces (most recent first):
Classloader memory used:

---------------  S Y S T E M  ---------------

OS:
 Windows 10 , 64 bit Build 19041 (10.0.19041.5915)
OS uptime: 6 days 22:45 hours

CPU: total 8 (initial active 8) (8 cores per cpu, 2 threads per core) family 23 model 17 stepping 0 microcode 0x0, cx8, cmov, fxsr, ht, mmx, 3dnowpref, sse, sse2, sse3, ssse3, sse4a, sse4.1, sse4.2, popcnt, lzcnt, tsc, tscinvbit, avx, avx2, aes, clmul, bmi1, bmi2, adx, sha, fma, vzeroupper, clflush, clflushopt, rdtscp, f16c
Processor Information for all 8 processors :
  Max Mhz: 2000, Current Mhz: 2000, Mhz Limit: 2000

Memory: 4k page, system-wide physical 15294M (1382M free)
TotalPageFile size 30399M (AvailPageFile size 49M)
current process WorkingSet (physical memory assigned to process): 10M, peak: 10M
current process commit charge ("private bytes"): 60M, peak: 300M

vm_info: OpenJDK 64-Bit Server VM (21.0.5+-12932927-b750.29) for windows-amd64 JRE (21.0.5+-12932927-b750.29), built on 2025-01-17T02:01:10Z by "builder" with MS VC++ 16.10 / 16.11 (VS2019)

END.
